<?xml version="1.0" encoding="UTF-8"?>
<!-- Generated by org.testng.reporters.JUnitReportReporter -->
<testsuite hostname="Asus" failures="0" tests="2" name="packagestandalonetest.Submit_Order_Test" time="27.939" errors="0" timestamp="2023-07-18T14:37:10 IST" skipped="0">
  <testcase classname="packagestandalonetest.Submit_Order_Test" name="OrderHistory" time="17.965"/>
  <testcase classname="packagestandalonetest.Submit_Order_Test" name="submitOrder" time="9.974"/>
</testsuite> <!-- packagestandalonetest.Submit_Order_Test -->
