<?xml version="1.0" encoding="UTF-8"?>
<!-- Generated by org.testng.reporters.JUnitReportReporter -->
<testsuite hostname="Asus" failures="0" tests="1" name="packagestandalonetest.Error_Validation_Test" time="13.256" errors="0" timestamp="2023-07-18T15:00:56 IST" skipped="0">
  <testcase classname="packagestandalonetest.Error_Validation_Test" name="LoginErrorValidation" time="13.256"/>
</testsuite> <!-- packagestandalonetest.Error_Validation_Test -->
